<?xml version="1.0" encoding="UTF-8"?>
<coverage generated="1616117267245" clover="3.2.0">
  <project timestamp="1616117267245" name="All files">
    <metrics statements="18" coveredstatements="6" conditionals="14" coveredconditionals="4" methods="2" coveredmethods="2" elements="34" coveredelements="12" complexity="0" loc="18" ncloc="18" packages="1" files="1" classes="1"/>
    <file name="utils.js" path="/home/thiago/Documents/utf/2020-02/Topicos em Computação/computer-topics/NAP/06/ci-example/lib/utils.js">
      <metrics statements="18" coveredstatements="6" conditionals="14" coveredconditionals="4" methods="2" coveredmethods="2"/>
      <line num="1" count="1" type="stmt"/>
      <line num="13" count="3" type="cond" truecount="2" falsecount="2"/>
      <line num="14" count="3" type="stmt"/>
      <line num="16" count="0" type="cond" truecount="0" falsecount="2"/>
      <line num="17" count="0" type="stmt"/>
      <line num="19" count="0" type="stmt"/>
      <line num="21" count="0" type="stmt"/>
      <line num="22" count="0" type="stmt"/>
      <line num="35" count="1" type="cond" truecount="2" falsecount="2"/>
      <line num="36" count="1" type="stmt"/>
      <line num="38" count="0" type="cond" truecount="0" falsecount="2"/>
      <line num="39" count="0" type="stmt"/>
      <line num="41" count="0" type="stmt"/>
      <line num="42" count="0" type="stmt"/>
      <line num="43" count="0" type="cond" truecount="0" falsecount="2"/>
      <line num="44" count="0" type="stmt"/>
      <line num="47" count="0" type="stmt"/>
      <line num="50" count="1" type="stmt"/>
    </file>
  </project>
</coverage>
