{"/home/thiago/Documents/utf/2020-02/Topicos em Computação/computer-topics/NAP/06/ci-example/lib/utils.js": {"path":"/home/thiago/Documents/utf/2020-02/Topicos em Computação/computer-topics/NAP/06/ci-example/lib/utils.js","statementMap":{"0":{"start":{"line":1,"column":15},"end":{"line":1,"column":32}},"1":{"start":{"line":13,"column":4},"end":{"line":14,"column":18}},"2":{"start":{"line":14,"column":8},"end":{"line":14,"column":18}},"3":{"start":{"line":16,"column":4},"end":{"line":17,"column":18}},"4":{"start":{"line":17,"column":8},"end":{"line":17,"column":18}},"5":{"start":{"line":19,"column":17},"end":{"line":19,"column":33}},"6":{"start":{"line":21,"column":17},"end":{"line":21,"column":48}},"7":{"start":{"line":22,"column":4},"end":{"line":22,"column":25}},"8":{"start":{"line":35,"column":4},"end":{"line":36,"column":38}},"9":{"start":{"line":36,"column":8},"end":{"line":36,"column":38}},"10":{"start":{"line":38,"column":4},"end":{"line":39,"column":69}},"11":{"start":{"line":39,"column":8},"end":{"line":39,"column":69}},"12":{"start":{"line":41,"column":4},"end":{"line":45,"column":5}},"13":{"start":{"line":41,"column":17},"end":{"line":41,"column":18}},"14":{"start":{"line":42,"column":18},"end":{"line":42,"column":34}},"15":{"start":{"line":43,"column":8},"end":{"line":44,"column":21}},"16":{"start":{"line":44,"column":12},"end":{"line":44,"column":21}},"17":{"start":{"line":47,"column":4},"end":{"line":47,"column":33}},"18":{"start":{"line":50,"column":0},"end":{"line":50,"column":57}}},"fnMap":{"0":{"name":"gerarNumeroAleatorio","decl":{"start":{"line":12,"column":9},"end":{"line":12,"column":29}},"loc":{"start":{"line":12,"column":43},"end":{"line":23,"column":1}},"line":12},"1":{"name":"acharCaracter","decl":{"start":{"line":34,"column":9},"end":{"line":34,"column":22}},"loc":{"start":{"line":34,"column":50},"end":{"line":48,"column":1}},"line":34}},"branchMap":{"0":{"loc":{"start":{"line":13,"column":4},"end":{"line":14,"column":18}},"type":"if","locations":[{"start":{"line":13,"column":4},"end":{"line":14,"column":18}},{"start":{"line":13,"column":4},"end":{"line":14,"column":18}}],"line":13},"1":{"loc":{"start":{"line":13,"column":8},"end":{"line":13,"column":25}},"type":"binary-expr","locations":[{"start":{"line":13,"column":8},"end":{"line":13,"column":14}},{"start":{"line":13,"column":18},"end":{"line":13,"column":25}}],"line":13},"2":{"loc":{"start":{"line":16,"column":4},"end":{"line":17,"column":18}},"type":"if","locations":[{"start":{"line":16,"column":4},"end":{"line":17,"column":18}},{"start":{"line":16,"column":4},"end":{"line":17,"column":18}}],"line":16},"3":{"loc":{"start":{"line":35,"column":4},"end":{"line":36,"column":38}},"type":"if","locations":[{"start":{"line":35,"column":4},"end":{"line":36,"column":38}},{"start":{"line":35,"column":4},"end":{"line":36,"column":38}}],"line":35},"4":{"loc":{"start":{"line":35,"column":8},"end":{"line":35,"column":35}},"type":"binary-expr","locations":[{"start":{"line":35,"column":8},"end":{"line":35,"column":19}},{"start":{"line":35,"column":23},"end":{"line":35,"column":35}}],"line":35},"5":{"loc":{"start":{"line":38,"column":4},"end":{"line":39,"column":69}},"type":"if","locations":[{"start":{"line":38,"column":4},"end":{"line":39,"column":69}},{"start":{"line":38,"column":4},"end":{"line":39,"column":69}}],"line":38},"6":{"loc":{"start":{"line":43,"column":8},"end":{"line":44,"column":21}},"type":"if","locations":[{"start":{"line":43,"column":8},"end":{"line":44,"column":21}},{"start":{"line":43,"column":8},"end":{"line":44,"column":21}}],"line":43}},"s":{"0":1,"1":3,"2":3,"3":0,"4":0,"5":0,"6":0,"7":0,"8":1,"9":1,"10":0,"11":0,"12":0,"13":0,"14":0,"15":0,"16":0,"17":0,"18":1},"f":{"0":3,"1":1},"b":{"0":[3,0],"1":[3,0],"2":[0,0],"3":[1,0],"4":[1,0],"5":[0,0],"6":[0,0]},"_coverageSchema":"1a1c01bbd47fc00a2c39e90264f33305004495a9","hash":"4b276fb5334ed65493c1dccf1382e932243644eb"}
}
