TN:
SF:lib/utils.js
FN:12,gerarNumeroAleatorio
FN:34,acharCaracter
FNF:2
FNH:2
FNDA:3,gerarNumeroAleatorio
FNDA:1,acharCaracter
DA:1,1
DA:13,3
DA:14,3
DA:16,0
DA:17,0
DA:19,0
DA:21,0
DA:22,0
DA:35,1
DA:36,1
DA:38,0
DA:39,0
DA:41,0
DA:42,0
DA:43,0
DA:44,0
DA:47,0
DA:50,1
LF:18
LH:6
BRDA:13,0,0,3
BRDA:13,0,1,0
BRDA:13,1,0,3
BRDA:13,1,1,0
BRDA:16,2,0,0
BRDA:16,2,1,0
BRDA:35,3,0,1
BRDA:35,3,1,0
BRDA:35,4,0,1
BRDA:35,4,1,0
BRDA:38,5,0,0
BRDA:38,5,1,0
BRDA:43,6,0,0
BRDA:43,6,1,0
BRF:14
BRH:4
end_of_record
